# JRE version: OpenJDK Runtime Environment (17.0.13+11) (build 17.0.13+11-Debian-2deb12u1)
# Java VM: OpenJDK 64-Bit Server VM (17.0.13+11-Debian-2deb12u1, mixed mode, sharing, tiered, compressed oops, compressed class ptrs, g1 gc, linux-amd64)
GC Precious Log:
 CPUs: 4 total, 4 available
 Memory: 3774M
 Large Page Support: Disabled
 NUMA Support: Disabled
 Compressed Oops: Enabled (32-bit)
 Heap Region Size: 1M
 Heap Min Capacity: 8M
 Heap Initial Capacity: 60M
 Heap Max Capacity: 944M
 Pre-touch: Disabled
 Parallel Workers: 4
 Concurrent Workers: 1
 Concurrent Refinement Workers: 4
 Periodic GC: Disabled
Heap:
 garbage-first heap   total 75776K, used 49138K [0x00000000c5000000, 0x0000000100000000)
  region size 1024K, 11 young (11264K), 1 survivors (1024K)
 Metaspace       used 84214K, committed 84864K, reserved 1179648K
  class space    used 11402K, committed 11712K, reserved 1048576K
GC Heap History (20 events):
Event: 118,199 GC heap before
{Heap before GC invocations=21 (full 0):
 garbage-first heap   total 70656K, used 56072K [0x00000000c5000000, 0x0000000100000000)
  region size 1024K, 24 young (24576K), 2 survivors (2048K)
 Metaspace       used 80962K, committed 81600K, reserved 1179648K
  class space    used 11147K, committed 11456K, reserved 1048576K
}
Event: 118,219 GC heap after
{Heap after GC invocations=22 (full 0):
 garbage-first heap   total 70656K, used 36665K [0x00000000c5000000, 0x0000000100000000)
  region size 1024K, 3 young (3072K), 3 survivors (3072K)
 Metaspace       used 80962K, committed 81600K, reserved 1179648K
  class space    used 11147K, committed 11456K, reserved 1048576K
}
Event: 118,486 GC heap before
{Heap before GC invocations=22 (full 0):
 garbage-first heap   total 70656K, used 37689K [0x00000000c5000000, 0x0000000100000000)
  region size 1024K, 4 young (4096K), 3 survivors (3072K)
 Metaspace       used 81070K, committed 81728K, reserved 1179648K
  class space    used 11163K, committed 11520K, reserved 1048576K
}
Event: 118,515 GC heap after
{Heap after GC invocations=23 (full 0):
 garbage-first heap   total 70656K, used 36896K [0x00000000c5000000, 0x0000000100000000)
  region size 1024K, 1 young (1024K), 1 survivors (1024K)
 Metaspace       used 81070K, committed 81728K, reserved 1179648K
  class space    used 11163K, committed 11520K, reserved 1048576K
}
Event: 218,403 GC heap before
{Heap before GC invocations=23 (full 0):
 garbage-first heap   total 70656K, used 48160K [0x00000000c5000000, 0x0000000100000000)
  region size 1024K, 13 young (13312K), 1 survivors (1024K)
 Metaspace       used 82039K, committed 82624K, reserved 1179648K
  class space    used 11299K, committed 11584K, reserved 1048576K
}
Event: 218,665 GC heap after
{Heap after GC invocations=24 (full 1):
 garbage-first heap   total 70656K, used 31949K [0x00000000c5000000, 0x0000000100000000)
  region size 1024K, 0 young (0K), 0 survivors (0K)
 Metaspace       used 82035K, committed 82624K, reserved 1179648K
  class space    used 11298K, committed 11584K, reserved 1048576K
}
Event: 220,110 GC heap before
{Heap before GC invocations=24 (full 1):
 garbage-first heap   total 70656K, used 54477K [0x00000000c5000000, 0x0000000100000000)
  region size 1024K, 22 young (22528K), 0 survivors (0K)
 Metaspace       used 82245K, committed 82944K, reserved 1179648K
  class space    used 11313K, committed 11648K, reserved 1048576K
}
Event: 220,120 GC heap after
{Heap after GC invocations=25 (full 1):
 garbage-first heap   total 70656K, used 34214K [0x00000000c5000000, 0x0000000100000000)
  region size 1024K, 3 young (3072K), 3 survivors (3072K)
 Metaspace       used 82245K, committed 82944K, reserved 1179648K
  class space    used 11313K, committed 11648K, reserved 1048576K
}
Event: 221,289 GC heap before
{Heap before GC invocations=26 (full 1):
 garbage-first heap   total 71680K, used 52646K [0x00000000c5000000, 0x0000000100000000)
  region size 1024K, 22 young (22528K), 3 survivors (3072K)
 Metaspace       used 82543K, committed 83264K, reserved 1179648K
  class space    used 11325K, committed 11648K, reserved 1048576K
}
Event: 221,302 GC heap after
{Heap after GC invocations=27 (full 1):
 garbage-first heap   total 71680K, used 35663K [0x00000000c5000000, 0x0000000100000000)
  region size 1024K, 2 young (2048K), 2 survivors (2048K)
 Metaspace       used 82543K, committed 83264K, reserved 1179648K
  class space    used 11325K, committed 11648K, reserved 1048576K
}
Event: 222,456 GC heap before
{Heap before GC invocations=27 (full 1):
 garbage-first heap   total 71680K, used 55119K [0x00000000c5000000, 0x0000000100000000)
  region size 1024K, 21 young (21504K), 2 survivors (2048K)
 Metaspace       used 82966K, committed 83584K, reserved 1179648K
  class space    used 11349K, committed 11648K, reserved 1048576K
}
Event: 222,466 GC heap after
{Heap after GC invocations=28 (full 1):
 garbage-first heap   total 71680K, used 36725K [0x00000000c5000000, 0x0000000100000000)
  region size 1024K, 3 young (3072K), 3 survivors (3072K)
 Metaspace       used 82966K, committed 83584K, reserved 1179648K
  class space    used 11349K, committed 11648K, reserved 1048576K
}
Event: 223,454 GC heap before
{Heap before GC invocations=29 (full 1):
 garbage-first heap   total 75776K, used 55157K [0x00000000c5000000, 0x0000000100000000)
  region size 1024K, 21 young (21504K), 3 survivors (3072K)
 Metaspace       used 83645K, committed 84352K, reserved 1179648K
  class space    used 11382K, committed 11712K, reserved 1048576K
}
Event: 223,471 GC heap after
{Heap after GC invocations=30 (full 1):
 garbage-first heap   total 75776K, used 38202K [0x00000000c5000000, 0x0000000100000000)
  region size 1024K, 3 young (3072K), 3 survivors (3072K)
 Metaspace       used 83645K, committed 84352K, reserved 1179648K
  class space    used 11382K, committed 11712K, reserved 1048576K
}
Event: 242,278 GC heap before
{Heap before GC invocations=30 (full 1):
 garbage-first heap   total 75776K, used 57658K [0x00000000c5000000, 0x0000000100000000)
  region size 1024K, 22 young (22528K), 3 survivors (3072K)
 Metaspace       used 83815K, committed 84480K, reserved 1179648K
  class space    used 11387K, committed 11712K, reserved 1048576K
}
Event: 242,307 GC heap after
{Heap after GC invocations=31 (full 1):
 garbage-first heap   total 75776K, used 38881K [0x00000000c5000000, 0x0000000100000000)
  region size 1024K, 1 young (1024K), 1 survivors (1024K)
 Metaspace       used 83815K, committed 84480K, reserved 1179648K
  class space    used 11387K, committed 11712K, reserved 1048576K
}
Event: 607,597 GC heap before
{Heap before GC invocations=32 (full 1):
 garbage-first heap   total 75776K, used 59361K [0x00000000c5000000, 0x0000000100000000)
  region size 1024K, 21 young (21504K), 1 survivors (1024K)
 Metaspace       used 83937K, committed 84608K, reserved 1179648K
  class space    used 11389K, committed 11712K, reserved 1048576K
}
Event: 607,620 GC heap after
{Heap after GC invocations=33 (full 1):
 garbage-first heap   total 75776K, used 40587K [0x00000000c5000000, 0x0000000100000000)
  region size 1024K, 3 young (3072K), 3 survivors (3072K)
 Metaspace       used 83937K, committed 84608K, reserved 1179648K
  class space    used 11389K, committed 11712K, reserved 1048576K
}
Event: 607,635 GC heap before
{Heap before GC invocations=33 (full 1):
 garbage-first heap   total 75776K, used 41611K [0x00000000c5000000, 0x0000000100000000)
  region size 1024K, 4 young (4096K), 3 survivors (3072K)
 Metaspace       used 83937K, committed 84608K, reserved 1179648K
  class space    used 11389K, committed 11712K, reserved 1048576K
}
Event: 607,658 GC heap after
{Heap after GC invocations=34 (full 1):
 garbage-first heap   total 75776K, used 39922K [0x00000000c5000000, 0x0000000100000000)
  region size 1024K, 1 young (1024K), 1 survivors (1024K)
 Metaspace       used 83937K, committed 84608K, reserved 1179648K
  class space    used 11389K, committed 11712K, reserved 1048576K
}

